============================== nterm = 3
Least Square Fit:
  chi2/dof [dof] = 0.49 [116]    Q = 1    logGBF = 2810.5

Parameters:
  log(etas:a) 0   -1.7572 (83)      [ -1.6 (1.0) ]  
              1     -1.41 (23)      [ -1.6 (1.0) ]  
              2     -0.57 (19)      [ -1.6 (1.0) ]  *
 log(etas:dE) 0   -0.3985 (20)      [ -0.40 (30) ]  
              1     -0.57 (15)      [ -0.7 (1.0) ]  
              2     -0.22 (27)      [ -0.7 (1.0) ]  
 log(etaso:a) 0    -2.710 (41)      [ -1.6 (1.0) ]  *
              1     -1.98 (85)      [ -1.6 (1.0) ]  
log(etaso:dE) 0    -0.164 (10)      [ -0.13 (23) ]  
              1     -0.34 (32)      [ -0.7 (1.0) ]  
    log(Ds:a) 0   -1.5570 (52)      [ -1.6 (1.0) ]  
              1     -1.57 (26)      [ -1.6 (1.0) ]  
              2    -0.691 (75)      [ -1.6 (1.0) ]  
   log(Ds:dE) 0   0.27107 (51)      [  0.26 (15) ]  
              1     -0.90 (17)      [ -0.7 (1.0) ]  
              2     -0.80 (10)      [ -0.7 (1.0) ]  
   log(Dso:a) 0     -2.71 (11)      [ -1.6 (1.0) ]  *
              1     -2.14 (12)      [ -1.6 (1.0) ]  
  log(Dso:dE) 0    0.3459 (93)      [ 0.405 (33) ]  *
              1     -1.24 (21)      [ -0.7 (1.0) ]  
        Vnn 0,0    0.1586 (12)      [  0.1 (1.0) ]  
            0,1    -0.095 (29)      [  0.1 (1.0) ]  
            0,2    -0.040 (65)      [  0.1 (1.0) ]  
            1,0     0.013 (12)      [  0.1 (1.0) ]  
            1,1     -0.01 (99)      [  0.1 (1.0) ]  
            1,2      0.1 (1.0)      [  0.1 (1.0) ]  
            2,0    -0.010 (57)      [  0.1 (1.0) ]  
            2,1      0.1 (1.0)      [  0.1 (1.0) ]  
            2,2      0.1 (1.0)      [  0.1 (1.0) ]  
        Vno 0,0   -0.1849 (94)      [  0.1 (1.0) ]  
            0,1    -0.005 (41)      [  0.1 (1.0) ]  
            1,0     -0.02 (11)      [  0.1 (1.0) ]  
            1,1      0.10 (99)      [  0.1 (1.0) ]  
            2,0      0.12 (54)      [  0.1 (1.0) ]  
            2,1      0.1 (1.0)      [  0.1 (1.0) ]  
        Von 0,0   -0.1677 (82)      [  0.1 (1.0) ]  
            0,1      0.24 (18)      [  0.1 (1.0) ]  
            0,2     -0.25 (42)      [  0.1 (1.0) ]  
            1,0      0.14 (23)      [  0.1 (1.0) ]  
            1,1      0.1 (1.0)      [  0.1 (1.0) ]  
            1,2      0.1 (1.0)      [  0.1 (1.0) ]  
        Voo 0,0    -0.059 (57)      [  0.1 (1.0) ]  
            0,1     -0.42 (21)      [  0.1 (1.0) ]  
            1,0     -0.22 (54)      [  0.1 (1.0) ]  
            1,1      0.1 (1.0)      [  0.1 (1.0) ]  
          Unn 0    0.1056 (19)      [  0.1 (1.0) ]  
              1     0.007 (18)      [  0.1 (1.0) ]  
              2    -0.042 (43)      [  0.1 (1.0) ]  
              3      0.1 (1.0)      [  0.1 (1.0) ]  
              4      0.1 (1.0)      [  0.1 (1.0) ]  
              5      0.1 (1.0)      [  0.1 (1.0) ]  
        Uno 0,0   -0.2148 (80)      [  0.1 (1.0) ]  
            0,1     0.012 (39)      [  0.1 (1.0) ]  
            1,0    -0.034 (96)      [  0.1 (1.0) ]  
            1,1      0.1 (1.0)      [  0.1 (1.0) ]  
            2,0      0.08 (18)      [  0.1 (1.0) ]  
            2,1      0.1 (1.0)      [  0.1 (1.0) ]  
          Uoo 0    -0.081 (75)      [  0.1 (1.0) ]  
              1      0.01 (14)      [  0.1 (1.0) ]  
              2    0.09 (1.00)      [  0.1 (1.0) ]  
--------------------------------------------------
       etas:a 0    0.1725 (14)      [  0.20 (20) ]  
              1     0.245 (57)      [  0.20 (20) ]  
              2      0.57 (11)      [  0.20 (20) ]  *
      etas:dE 0    0.6713 (14)      [  0.67 (20) ]  
              1     0.564 (86)      [  0.50 (50) ]  
              2      0.80 (22)      [  0.50 (50) ]  
      etaso:a 0    0.0665 (27)      [  0.20 (20) ]  
              1      0.14 (12)      [  0.20 (20) ]  
     etaso:dE 0    0.8484 (87)      [  0.88 (20) ]  
              1      0.71 (23)      [  0.50 (50) ]  
         Ds:a 0    0.2108 (11)      [  0.20 (20) ]  
              1     0.209 (55)      [  0.20 (20) ]  
              2     0.501 (38)      [  0.20 (20) ]  *
        Ds:dE 0   1.31137 (67)      [  1.30 (20) ]  
              1     0.406 (69)      [  0.50 (50) ]  
              2     0.450 (45)      [  0.50 (50) ]  
        Dso:a 0    0.0665 (73)      [  0.20 (20) ]  
              1     0.117 (14)      [  0.20 (20) ]  
       Dso:dE 0     1.413 (13)      [ 1.500 (50) ]  *
              1     0.290 (62)      [  0.50 (50) ]  

Settings:
  svdcut/n = 0.001/43    tol = (1e-08*,1e-10,1e-10)    (itns/time = 24/0.8)
  fitter = gsl_multifit    methods = subspace2D/more/cholesky

Fit results:
  Eetas: [0.6713(14) 1.235(87) 2.04(29)]
  aetas: [0.1725(14) 0.245(57) 0.57(11)]

  EDs: [1.31137(67) 1.717(69) 2.167(93)]
  aDs: [0.2108(11) 0.209(55) 0.501(38)]

  EDso: [1.413(13) 1.703(73)]
  aDso: [0.0665(73) 0.117(14)]

  etas->V->Ds  = 0.1586(12)
  etas->V->Dso = -0.1849(94)

  Ds->U->Ds = 0.1056(19)

Values:
              metas: 0.6713(14)          
                mDs: 1.31137(67)         
           mDso-mDs: 0.102(13)           
                Vnn: 0.1586(12)          
                Vno: -0.1849(94)         
                Unn: 0.1056(19)          

Partial % Errors:
                   metas       mDs  mDso-mDs       Vnn       Vno       Unn
--------------------------------------------------------------------------
   statistics:      0.19      0.05     10.16      0.53      4.23      0.78
    log(Ds:a):      0.01      0.01      0.24      0.11      0.23      0.21
   log(Ds:dE):      0.01      0.01      0.50      0.05      0.22      0.23
   log(Dso:a):      0.01      0.00      2.63      0.02      0.48      0.06
  log(Dso:dE):      0.01      0.00      4.91      0.02      0.92      0.05
  log(etas:a):      0.04      0.00      0.08      0.02      0.13      0.01
 log(etas:dE):      0.04      0.00      0.07      0.02      0.13      0.01
 log(etaso:a):      0.02      0.00      0.11      0.03      0.13      0.01
log(etaso:dE):      0.02      0.00      0.29      0.06      0.24      0.01
          Vno:      0.01      0.00      2.16      0.02      1.67      0.05
          Vnn:      0.01      0.01      0.35      0.39      0.22      0.04
          Voo:      0.01      0.00      2.14      0.03      0.58      0.09
          Von:      0.00      0.01      0.58      0.03      0.55      0.06
          Uno:      0.01      0.00      1.39      0.02      0.39      0.06
          Unn:      0.00      0.00      0.36      0.02      0.01      1.27
          Uoo:      0.00      0.00      0.37      0.00      0.19      0.37
          Uon:      0.00      0.00      0.00      0.00      0.00      0.00
          svd:      0.06      0.01      4.25      0.29      1.69      0.79
--------------------------------------------------------------------------
        total:      0.20      0.05     12.83      0.74      5.07      1.76



